0 info it worked if it ends with ok
1 verbose cli [ 'node', '/usr/bin/npm', 'install' ]
2 info using npm@2.7.6
3 info using node@v0.10.33
4 verbose node symlink /usr/bin/node
5 verbose readDependencies loading dependencies from /home/vagrant/code/wundership/package.json
6 verbose install where, deps [ '/home/vagrant/code/wundership',
6 verbose install   [ 'gulp', 'laravel-elixir' ] ]
7 verbose install where, peers [ '/home/vagrant/code/wundership', [] ]
8 verbose installManyTop reading for lifecycle /home/vagrant/code/wundership/package.json
9 info preinstall @
10 verbose readDependencies loading dependencies from /home/vagrant/code/wundership/package.json
11 silly cache add args [ 'laravel-elixir@*', null ]
12 verbose cache add spec laravel-elixir@*
13 silly cache add parsed spec { raw: 'laravel-elixir@*',
13 silly cache add   scope: null,
13 silly cache add   name: 'laravel-elixir',
13 silly cache add   rawSpec: '*',
13 silly cache add   spec: '*',
13 silly cache add   type: 'range' }
14 silly addNamed laravel-elixir@*
15 verbose addNamed "*" is a valid semver range for laravel-elixir
16 silly addNameRange { name: 'laravel-elixir', range: '*', hasData: false }
17 silly mapToRegistry name laravel-elixir
18 silly mapToRegistry using default registry
19 silly mapToRegistry registry https://registry.npmjs.org/
20 silly mapToRegistry uri https://registry.npmjs.org/laravel-elixir
21 verbose addNameRange registry:https://registry.npmjs.org/laravel-elixir not in flight; fetching
22 silly cache add args [ 'gulp@^3.8.8', null ]
23 verbose cache add spec gulp@^3.8.8
24 silly cache add parsed spec { raw: 'gulp@^3.8.8',
24 silly cache add   scope: null,
24 silly cache add   name: 'gulp',
24 silly cache add   rawSpec: '^3.8.8',
24 silly cache add   spec: '>=3.8.8 <4.0.0',
24 silly cache add   type: 'range' }
25 silly addNamed gulp@>=3.8.8 <4.0.0
26 verbose addNamed ">=3.8.8 <4.0.0" is a valid semver range for gulp
27 silly addNameRange { name: 'gulp', range: '>=3.8.8 <4.0.0', hasData: false }
28 silly mapToRegistry name gulp
29 silly mapToRegistry using default registry
30 silly mapToRegistry registry https://registry.npmjs.org/
31 silly mapToRegistry uri https://registry.npmjs.org/gulp
32 verbose addNameRange registry:https://registry.npmjs.org/gulp not in flight; fetching
33 verbose request uri https://registry.npmjs.org/laravel-elixir
34 verbose request no auth needed
35 info attempt registry request try #1 at 20:24:57
36 verbose request id 0311cc8a06d61fcd
37 verbose etag "EFWKDNGYUASTU0C0RQ1KMX9N1"
38 http request GET https://registry.npmjs.org/laravel-elixir
39 verbose request uri https://registry.npmjs.org/gulp
40 verbose request no auth needed
41 info attempt registry request try #1 at 20:24:57
42 verbose etag "EQ8ZCZKF3Y2D2KP2Z23OEF9X1"
43 http request GET https://registry.npmjs.org/gulp
44 http 304 https://registry.npmjs.org/gulp
45 silly get cb [ 304,
45 silly get   { date: 'Sat, 09 May 2015 20:37:07 GMT',
45 silly get     via: '1.1 varnish',
45 silly get     'cache-control': 'max-age=60',
45 silly get     etag: '"EQ8ZCZKF3Y2D2KP2Z23OEF9X1"',
45 silly get     age: '0',
45 silly get     connection: 'keep-alive',
45 silly get     'x-served-by': 'cache-fra1224-FRA',
45 silly get     'x-cache': 'HIT',
45 silly get     'x-cache-hits': '1',
45 silly get     'x-timer': 'S1431203827.482324,VS0,VE422',
45 silly get     vary: 'Accept' } ]
46 verbose etag https://registry.npmjs.org/gulp from cache
47 verbose get saving gulp to /home/vagrant/.npm/registry.npmjs.org/gulp/.cache.json
48 silly addNameRange number 2 { name: 'gulp', range: '>=3.8.8 <4.0.0', hasData: true }
49 silly addNameRange versions [ 'gulp',
49 silly addNameRange   [ '0.0.1',
49 silly addNameRange     '0.0.2',
49 silly addNameRange     '0.0.3',
49 silly addNameRange     '0.0.4',
49 silly addNameRange     '0.0.5',
49 silly addNameRange     '0.0.7',
49 silly addNameRange     '0.0.8',
49 silly addNameRange     '0.0.9',
49 silly addNameRange     '0.1.0',
49 silly addNameRange     '0.2.0',
49 silly addNameRange     '1.0.0',
49 silly addNameRange     '1.1.0',
49 silly addNameRange     '1.2.0',
49 silly addNameRange     '1.2.1',
49 silly addNameRange     '2.0.0',
49 silly addNameRange     '2.0.1',
49 silly addNameRange     '2.1.0',
49 silly addNameRange     '2.2.0',
49 silly addNameRange     '2.3.0',
49 silly addNameRange     '2.4.0',
49 silly addNameRange     '2.4.1',
49 silly addNameRange     '2.6.0',
49 silly addNameRange     '2.6.1',
49 silly addNameRange     '2.7.0',
49 silly addNameRange     '3.0.0',
49 silly addNameRange     '3.1.1',
49 silly addNameRange     '3.1.2',
49 silly addNameRange     '3.1.3',
49 silly addNameRange     '3.1.4',
49 silly addNameRange     '3.2.0',
49 silly addNameRange     '3.2.1',
49 silly addNameRange     '3.2.2',
49 silly addNameRange     '3.2.3',
49 silly addNameRange     '3.2.4',
49 silly addNameRange     '3.2.5',
49 silly addNameRange     '3.3.0',
49 silly addNameRange     '3.3.1',
49 silly addNameRange     '3.3.2',
49 silly addNameRange     '3.3.4',
49 silly addNameRange     '3.4.0',
49 silly addNameRange     '3.5.0',
49 silly addNameRange     '3.5.1',
49 silly addNameRange     '3.5.2',
49 silly addNameRange     '3.5.5',
49 silly addNameRange     '3.5.6',
49 silly addNameRange     '3.6.0',
49 silly addNameRange     '3.6.1',
49 silly addNameRange     '3.6.2',
49 silly addNameRange     '3.7.0',
49 silly addNameRange     '3.8.0',
49 silly addNameRange     '3.8.1',
49 silly addNameRange     '3.8.2',
49 silly addNameRange     '3.8.3',
49 silly addNameRange     '3.8.4',
49 silly addNameRange     '3.8.5',
49 silly addNameRange     '3.8.6',
49 silly addNameRange     '3.8.7',
49 silly addNameRange     '3.8.8',
49 silly addNameRange     '3.8.9',
49 silly addNameRange     '3.8.10',
49 silly addNameRange     '3.8.11' ] ]
50 silly addNamed gulp@3.8.11
51 verbose addNamed "3.8.11" is a plain semver version for gulp
52 silly cache afterAdd gulp@3.8.11
53 verbose afterAdd /home/vagrant/.npm/gulp/3.8.11/package/package.json not in flight; writing
54 verbose afterAdd /home/vagrant/.npm/gulp/3.8.11/package/package.json written
55 http 304 https://registry.npmjs.org/laravel-elixir
56 silly get cb [ 304,
56 silly get   { date: 'Sat, 09 May 2015 20:37:07 GMT',
56 silly get     via: '1.1 varnish',
56 silly get     'last-modified': 'Sat, 09 May 2015 20:37:08 GMT',
56 silly get     'cache-control': 'max-age=60',
56 silly get     etag: '"EFWKDNGYUASTU0C0RQ1KMX9N1"',
56 silly get     age: '0',
56 silly get     connection: 'keep-alive',
56 silly get     'x-served-by': 'cache-fra1232-FRA',
56 silly get     'x-cache': 'MISS',
56 silly get     'x-cache-hits': '0',
56 silly get     'x-timer': 'S1431203827.486926,VS0,VE740',
56 silly get     vary: 'Accept' } ]
57 verbose etag https://registry.npmjs.org/laravel-elixir from cache
58 verbose get saving laravel-elixir to /home/vagrant/.npm/registry.npmjs.org/laravel-elixir/.cache.json
59 silly addNameRange number 2 { name: 'laravel-elixir', range: '*', hasData: true }
60 silly addNameRange versions [ 'laravel-elixir',
60 silly addNameRange   [ '0.1.0',
60 silly addNameRange     '0.1.1',
60 silly addNameRange     '0.1.2',
60 silly addNameRange     '0.1.3',
60 silly addNameRange     '0.1.4',
60 silly addNameRange     '0.1.5',
60 silly addNameRange     '0.1.6',
60 silly addNameRange     '0.1.7',
60 silly addNameRange     '0.1.8',
60 silly addNameRange     '0.1.9',
60 silly addNameRange     '0.2.0',
60 silly addNameRange     '0.2.1',
60 silly addNameRange     '0.2.2',
60 silly addNameRange     '0.3.0',
60 silly addNameRange     '0.3.1',
60 silly addNameRange     '0.3.2',
60 silly addNameRange     '0.3.3',
60 silly addNameRange     '0.3.4',
60 silly addNameRange     '0.3.5',
60 silly addNameRange     '0.3.7',
60 silly addNameRange     '0.3.8',
60 silly addNameRange     '0.3.9',
60 silly addNameRange     '0.3.10',
60 silly addNameRange     '0.3.11',
60 silly addNameRange     '0.4.0',
60 silly addNameRange     '0.4.1',
60 silly addNameRange     '0.4.3',
60 silly addNameRange     '0.4.4',
60 silly addNameRange     '0.4.5',
60 silly addNameRange     '0.4.6',
60 silly addNameRange     '0.4.7',
60 silly addNameRange     '0.4.8',
60 silly addNameRange     '0.4.9',
60 silly addNameRange     '0.4.10',
60 silly addNameRange     '0.4.11',
60 silly addNameRange     '0.4.12',
60 silly addNameRange     '0.4.13',
60 silly addNameRange     '0.4.14',
60 silly addNameRange     '0.4.15',
60 silly addNameRange     '0.4.16',
60 silly addNameRange     '0.4.17',
60 silly addNameRange     '0.5.0',
60 silly addNameRange     '0.5.1',
60 silly addNameRange     '0.5.2',
60 silly addNameRange     '0.5.3',
60 silly addNameRange     '0.5.4',
60 silly addNameRange     '0.5.5',
60 silly addNameRange     '0.5.6',
60 silly addNameRange     '0.5.7',
60 silly addNameRange     '0.5.8',
60 silly addNameRange     '0.6.0',
60 silly addNameRange     '0.6.1',
60 silly addNameRange     '0.6.2',
60 silly addNameRange     '0.6.3',
60 silly addNameRange     '0.6.4',
60 silly addNameRange     '0.6.5',
60 silly addNameRange     '0.6.6',
60 silly addNameRange     '0.7.0',
60 silly addNameRange     '0.6.7',
60 silly addNameRange     '0.6.8',
60 silly addNameRange     '0.7.1',
60 silly addNameRange     '0.7.3',
60 silly addNameRange     '0.7.4',
60 silly addNameRange     '0.7.5',
60 silly addNameRange     '0.7.6',
60 silly addNameRange     '0.7.7',
60 silly addNameRange     '0.7.8',
60 silly addNameRange     '0.7.9',
60 silly addNameRange     '0.7.10',
60 silly addNameRange     '0.7.11',
60 silly addNameRange     '0.8.0',
60 silly addNameRange     '0.8.1',
60 silly addNameRange     '0.9.1',
60 silly addNameRange     '0.10.0',
60 silly addNameRange     '0.10.1',
60 silly addNameRange     '0.10.2',
60 silly addNameRange     '0.10.3',
60 silly addNameRange     '0.10.4',
60 silly addNameRange     '0.10.5',
60 silly addNameRange     '0.10.6',
60 silly addNameRange     '0.10.7',
60 silly addNameRange     '0.11.0',
60 silly addNameRange     '0.12.0',
60 silly addNameRange     '0.12.2',
60 silly addNameRange     '0.12.3',
60 silly addNameRange     '0.13.0',
60 silly addNameRange     '0.13.1',
60 silly addNameRange     '0.13.2',
60 silly addNameRange     '0.13.3',
60 silly addNameRange     '0.14.0',
60 silly addNameRange     '0.14.2',
60 silly addNameRange     '0.14.3',
60 silly addNameRange     '0.14.4',
60 silly addNameRange     '0.15.0',
60 silly addNameRange     '0.15.1',
60 silly addNameRange     '0.15.2',
60 silly addNameRange     '0.15.3',
60 silly addNameRange     '0.15.4',
60 silly addNameRange     '0.15.5',
60 silly addNameRange     '0.16.0',
60 silly addNameRange     '0.16.1',
60 silly addNameRange     '0.16.2',
60 silly addNameRange     '0.16.3',
60 silly addNameRange     '0.18.0',
60 silly addNameRange     '0.18.1',
60 silly addNameRange     '0.18.2',
60 silly addNameRange     '0.18.3',
60 silly addNameRange     '0.18.4',
60 silly addNameRange     '0.18.5',
60 silly addNameRange     '0.18.6',
60 silly addNameRange     '0.18.7',
60 silly addNameRange     '1.0.1' ] ]
61 silly addNamed laravel-elixir@1.0.1
62 verbose addNamed "1.0.1" is a plain semver version for laravel-elixir
63 silly cache afterAdd laravel-elixir@1.0.1
64 verbose afterAdd /home/vagrant/.npm/laravel-elixir/1.0.1/package/package.json not in flight; writing
65 verbose afterAdd /home/vagrant/.npm/laravel-elixir/1.0.1/package/package.json written
66 silly install resolved [ { name: 'gulp',
66 silly install resolved     description: 'The streaming build system',
66 silly install resolved     version: '3.8.11',
66 silly install resolved     homepage: 'http://gulpjs.com',
66 silly install resolved     repository: { type: 'git', url: 'https://github.com/gulpjs/gulp' },
66 silly install resolved     author:
66 silly install resolved      { name: 'Fractal',
66 silly install resolved        email: 'contact@wearefractal.com',
66 silly install resolved        url: 'http://wearefractal.com/' },
66 silly install resolved     tags: [ 'build', 'stream', 'system', 'make', 'tool', 'asset', 'pipeline' ],
66 silly install resolved     files: [ 'index.js', 'lib', 'bin', 'completion' ],
66 silly install resolved     bin: { gulp: './bin/gulp.js' },
66 silly install resolved     man: [ 'gulp.1' ],
66 silly install resolved     dependencies:
66 silly install resolved      { archy: '^1.0.0',
66 silly install resolved        chalk: '^0.5.0',
66 silly install resolved        deprecated: '^0.0.1',
66 silly install resolved        'gulp-util': '^3.0.0',
66 silly install resolved        interpret: '^0.3.2',
66 silly install resolved        liftoff: '^2.0.1',
66 silly install resolved        minimist: '^1.1.0',
66 silly install resolved        orchestrator: '^0.3.0',
66 silly install resolved        'pretty-hrtime': '^0.2.0',
66 silly install resolved        semver: '^4.1.0',
66 silly install resolved        tildify: '^1.0.0',
66 silly install resolved        v8flags: '^2.0.2',
66 silly install resolved        'vinyl-fs': '^0.3.0' },
66 silly install resolved     devDependencies:
66 silly install resolved      { coveralls: '^2.7.0',
66 silly install resolved        'graceful-fs': '^3.0.0',
66 silly install resolved        istanbul: '^0.3.0',
66 silly install resolved        jshint: '^2.5.0',
66 silly install resolved        'jshint-stylish': '^1.0.0',
66 silly install resolved        'marked-man': '^0.1.3',
66 silly install resolved        mkdirp: '^0.5.0',
66 silly install resolved        mocha: '^2.0.1',
66 silly install resolved        'mocha-lcov-reporter': '^0.0.1',
66 silly install resolved        q: '^1.0.0',
66 silly install resolved        rimraf: '^2.2.5',
66 silly install resolved        should: '^4.0.0' },
66 silly install resolved     scripts:
66 silly install resolved      { prepublish: 'marked-man --name gulp docs/CLI.md > gulp.1',
66 silly install resolved        lint: 'jshint lib bin index.js --reporter node_modules/jshint-stylish/stylish.js --exclude node_modules',
66 silly install resolved        test: 'npm run-script lint && mocha --reporter spec',
66 silly install resolved        coveralls: 'istanbul cover _mocha --report lcovonly -- -R spec && cat ./coverage/lcov.info | coveralls && rm -rf ./coverage' },
66 silly install resolved     engineStrict: true,
66 silly install resolved     engines: { node: '>= 0.9' },
66 silly install resolved     licenses: [ [Object] ],
66 silly install resolved     gitHead: '84df40b0faabc2b61d576154fd1145e2146377ca',
66 silly install resolved     bugs: { url: 'https://github.com/gulpjs/gulp/issues' },
66 silly install resolved     _id: 'gulp@3.8.11',
66 silly install resolved     _shasum: 'd557e0a7283eb4136491969b0497767972f1d28a',
66 silly install resolved     _from: 'gulp@>=3.8.8 <4.0.0',
66 silly install resolved     _npmVersion: '2.5.1',
66 silly install resolved     _nodeVersion: '0.12.0',
66 silly install resolved     _npmUser: { name: 'phated', email: 'blaine@iceddev.com' },
66 silly install resolved     maintainers: [ [Object], [Object] ],
66 silly install resolved     dist:
66 silly install resolved      { shasum: 'd557e0a7283eb4136491969b0497767972f1d28a',
66 silly install resolved        tarball: 'http://registry.npmjs.org/gulp/-/gulp-3.8.11.tgz' },
66 silly install resolved     directories: {},
66 silly install resolved     _resolved: 'https://registry.npmjs.org/gulp/-/gulp-3.8.11.tgz',
66 silly install resolved     readme: 'ERROR: No README data found!' },
66 silly install resolved   { name: 'laravel-elixir',
66 silly install resolved     version: '1.0.1',
66 silly install resolved     description: 'Laravel Elixir Core',
66 silly install resolved     main: 'index.js',
66 silly install resolved     scripts: { test: 'echo "Error: no test specified" && exit 1' },
66 silly install resolved     repository: { type: 'git', url: 'https://github.com/laravel/elixir' },
66 silly install resolved     keywords: [ 'laravel', 'elixir', 'gulp' ],
66 silly install resolved     author: { name: 'Taylor Otwell, Jeffrey Way' },
66 silly install resolved     license: 'MIT',
66 silly install resolved     homepage: 'https://github.com/laravel/elixir',
66 silly install resolved     dependencies:
66 silly install resolved      { babelify: '^6.0.0',
66 silly install resolved        browserify: '^9.0.4',
66 silly install resolved        del: '^0.1.3',
66 silly install resolved        'gulp-autoprefixer': '^1.0.1',
66 silly install resolved        'gulp-coffee': '^2.2.0',
66 silly install resolved        'gulp-concat': '^2.4.1',
66 silly install resolved        'gulp-filter': '^1.0.2',
66 silly install resolved        'gulp-if': '^1.2.5',
66 silly install resolved        'gulp-less': '^3.0.2',
66 silly install resolved        'gulp-load-plugins': '^0.7.0',
66 silly install resolved        'gulp-minify-css': '^0.3.10',
66 silly install resolved        'gulp-notify': '^1.8.0',
66 silly install resolved        'gulp-phpspec': '^0.3.0',
66 silly install resolved        'gulp-phpunit': '^0.6.3',
66 silly install resolved        'gulp-rename': '^1.2.0',
66 silly install resolved        'gulp-rev': '^2.0.0',
66 silly install resolved        'gulp-ruby-sass': '^1.0.1',
66 silly install resolved        'gulp-sass': '^1.1.0',
66 silly install resolved        'gulp-shell': '^0.2.9',
66 silly install resolved        'gulp-sourcemaps': '^1.3.0',
66 silly install resolved        'gulp-uglify': '^1.0.1',
66 silly install resolved        'gulp-util': '^3.0.1',
66 silly install resolved        install: '^0.1.7',
66 silly install resolved        'main-bower-files': '^2.4.0',
66 silly install resolved        'merge-stream': '^0.1.7',
66 silly install resolved        npm: '^2.1.2',
66 silly install resolved        'parse-filepath': '^0.5.0',
66 silly install resolved        'require-dir': '^0.1.0',
66 silly install resolved        'run-sequence': '^1.0.1',
66 silly install resolved        underscore: '^1.7.0',
66 silly install resolved        'vinyl-paths': '^1.0.0',
66 silly install resolved        'vinyl-source-stream': '^1.1.0',
66 silly install resolved        'vinyl-buffer': '^1.0.0' },
66 silly install resolved     devDependencies: { gulp: '^3.8.8' },
66 silly install resolved     gitHead: 'd76dc3ea55d6dda21d049793cc6fad92e0a13018',
66 silly install resolved     bugs: { url: 'https://github.com/laravel/elixir/issues' },
66 silly install resolved     _id: 'laravel-elixir@1.0.1',
66 silly install resolved     _shasum: '3496a1c0a58f6576408fa0574a6974648514d186',
66 silly install resolved     _from: 'laravel-elixir@*',
66 silly install resolved     _npmVersion: '1.4.21',
66 silly install resolved     _npmUser: { name: 'jeffreyway', email: 'jeffrey@laracasts.com' },
66 silly install resolved     maintainers: [ [Object] ],
66 silly install resolved     dist:
66 silly install resolved      { shasum: '3496a1c0a58f6576408fa0574a6974648514d186',
66 silly install resolved        tarball: 'http://registry.npmjs.org/laravel-elixir/-/laravel-elixir-1.0.1.tgz' },
66 silly install resolved     directories: {},
66 silly install resolved     _resolved: 'https://registry.npmjs.org/laravel-elixir/-/laravel-elixir-1.0.1.tgz',
66 silly install resolved     readme: 'ERROR: No README data found!' } ]
67 info install gulp@3.8.11 into /home/vagrant/code/wundership
68 info install laravel-elixir@1.0.1 into /home/vagrant/code/wundership
69 info installOne gulp@3.8.11
70 verbose installOne of gulp to /home/vagrant/code/wundership not in flight; installing
71 info installOne laravel-elixir@1.0.1
72 verbose installOne of laravel-elixir to /home/vagrant/code/wundership not in flight; installing
73 warn locking Error: EACCES, open '/home/vagrant/.npm/_locks/gulp-f2bf4811c549af0e.lock'
73 warn locking  /home/vagrant/.npm/_locks/gulp-f2bf4811c549af0e.lock failed { [Error: EACCES, open '/home/vagrant/.npm/_locks/gulp-f2bf4811c549af0e.lock']
73 warn locking   errno: 3,
73 warn locking   code: 'EACCES',
73 warn locking   path: '/home/vagrant/.npm/_locks/gulp-f2bf4811c549af0e.lock' }
74 verbose stack Error: Attempt to unlock /home/vagrant/code/wundership/node_modules/gulp, which hasn't been locked
74 verbose stack     at unlock (/usr/lib/node_modules/npm/lib/utils/locker.js:66:11)
74 verbose stack     at cb (/usr/lib/node_modules/npm/lib/install.js:1013:5)
74 verbose stack     at /usr/lib/node_modules/npm/lib/install.js:1017:20
74 verbose stack     at /usr/lib/node_modules/npm/lib/utils/locker.js:40:9
74 verbose stack     at cb (/usr/lib/node_modules/npm/node_modules/lockfile/lockfile.js:149:38)
74 verbose stack     at /usr/lib/node_modules/npm/node_modules/lockfile/lockfile.js:177:38
74 verbose stack     at Object.oncomplete (fs.js:107:15)
75 verbose cwd /home/vagrant/code/wundership
76 error Linux 3.13.0-30-generic
77 error argv "node" "/usr/bin/npm" "install"
78 error node v0.10.33
79 error npm  v2.7.6
80 error Attempt to unlock /home/vagrant/code/wundership/node_modules/gulp, which hasn't been locked
81 error If you need help, you may report this error at:
81 error     <https://github.com/npm/npm/issues>
82 verbose exit [ 1, true ]
